<?xml version="1.0" encoding="UTF-8"?>
<coverage generated="1648238052">
  <project timestamp="1648238052">
    <file name="C:\OpenServer\domains\options.local\src\Console\ClearOption.php">
      <class name="Soandso\LaravelOptions\Console\ClearOption" namespace="global">
        <metrics complexity="8" methods="2" coveredmethods="0" conditionals="0" coveredconditionals="0" statements="17" coveredstatements="0" elements="19" coveredelements="0"/>
      </class>
      <line num="15" type="method" name="handle" visibility="public" complexity="5" crap="30" count="0"/>
      <line num="17" type="stmt" count="0"/>
      <line num="18" type="stmt" count="0"/>
      <line num="19" type="stmt" count="0"/>
      <line num="22" type="stmt" count="0"/>
      <line num="23" type="stmt" count="0"/>
      <line num="24" type="stmt" count="0"/>
      <line num="27" type="stmt" count="0"/>
      <line num="28" type="stmt" count="0"/>
      <line num="29" type="stmt" count="0"/>
      <line num="30" type="stmt" count="0"/>
      <line num="33" type="stmt" count="0"/>
      <line num="36" type="method" name="validateDate" visibility="private" complexity="3" crap="12" count="0"/>
      <line num="38" type="stmt" count="0"/>
      <line num="39" type="stmt" count="0"/>
      <line num="40" type="stmt" count="0"/>
      <line num="41" type="stmt" count="0"/>
      <line num="44" type="stmt" count="0"/>
      <line num="46" type="stmt" count="0"/>
      <metrics loc="48" ncloc="48" classes="1" methods="2" coveredmethods="0" conditionals="0" coveredconditionals="0" statements="17" coveredstatements="0" elements="19" coveredelements="0"/>
    </file>
    <file name="C:\OpenServer\domains\options.local\src\Helpers\Option.php">
      <line num="16" type="stmt" count="0"/>
      <line num="30" type="stmt" count="0"/>
      <line num="42" type="stmt" count="0"/>
      <line num="54" type="stmt" count="0"/>
      <metrics loc="56" ncloc="29" classes="0" methods="0" coveredmethods="0" conditionals="0" coveredconditionals="0" statements="4" coveredstatements="0" elements="4" coveredelements="0"/>
    </file>
    <file name="C:\OpenServer\domains\options.local\src\Jobs\ClearOptionsJob.php">
      <class name="Soandso\LaravelOptions\Jobs\ClearOptionsJob" namespace="global">
        <metrics complexity="2" methods="2" coveredmethods="0" conditionals="0" coveredconditionals="0" statements="3" coveredstatements="0" elements="5" coveredelements="0"/>
      </class>
      <line num="23" type="method" name="__construct" visibility="public" complexity="1" crap="2" count="0"/>
      <line num="25" type="stmt" count="0"/>
      <line num="33" type="method" name="handle" visibility="public" complexity="1" crap="2" count="0"/>
      <line num="35" type="stmt" count="0"/>
      <line num="36" type="stmt" count="0"/>
      <metrics loc="38" ncloc="28" classes="1" methods="2" coveredmethods="0" conditionals="0" coveredconditionals="0" statements="3" coveredstatements="0" elements="5" coveredelements="0"/>
    </file>
    <file name="C:\OpenServer\domains\options.local\src\Models\Option.php">
      <class name="Soandso\LaravelOptions\Models\Option" namespace="global">
        <metrics complexity="0" methods="0" coveredmethods="0" conditionals="0" coveredconditionals="0" statements="0" coveredstatements="0" elements="0" coveredelements="0"/>
      </class>
      <metrics loc="15" ncloc="15" classes="0" methods="0" coveredmethods="0" conditionals="0" coveredconditionals="0" statements="0" coveredstatements="0" elements="0" coveredelements="0"/>
    </file>
    <file name="C:\OpenServer\domains\options.local\src\Option.php">
      <class name="Soandso\LaravelOptions\Option" namespace="global">
        <metrics complexity="1" methods="1" coveredmethods="0" conditionals="0" coveredconditionals="0" statements="1" coveredstatements="0" elements="2" coveredelements="0"/>
      </class>
      <line num="9" type="method" name="getFacadeAccessor" visibility="public" complexity="1" crap="2" count="0"/>
      <line num="11" type="stmt" count="0"/>
      <metrics loc="13" ncloc="13" classes="1" methods="1" coveredmethods="0" conditionals="0" coveredconditionals="0" statements="1" coveredstatements="0" elements="2" coveredelements="0"/>
    </file>
    <file name="C:\OpenServer\domains\options.local\src\OptionProvider.php">
      <class name="Soandso\LaravelOptions\OptionProvider" namespace="global">
        <metrics complexity="3" methods="2" coveredmethods="2" conditionals="0" coveredconditionals="0" statements="5" coveredstatements="5" elements="7" coveredelements="7"/>
      </class>
      <line num="15" type="method" name="boot" visibility="public" complexity="2" crap="2" count="26"/>
      <line num="17" type="stmt" count="26"/>
      <line num="18" type="stmt" count="26"/>
      <line num="19" type="stmt" count="26"/>
      <line num="22" type="stmt" count="26"/>
      <line num="33" type="method" name="register" visibility="public" complexity="1" crap="1" count="26"/>
      <line num="35" type="stmt" count="26"/>
      <metrics loc="37" ncloc="27" classes="1" methods="2" coveredmethods="2" conditionals="0" coveredconditionals="0" statements="5" coveredstatements="5" elements="7" coveredelements="7"/>
    </file>
    <file name="C:\OpenServer\domains\options.local\src\OptionService.php">
      <class name="Soandso\LaravelOptions\OptionService" namespace="global">
        <metrics complexity="21" methods="8" coveredmethods="5" conditionals="0" coveredconditionals="0" statements="36" coveredstatements="32" elements="44" coveredelements="37"/>
      </class>
      <line num="25" type="method" name="set" visibility="public" complexity="3" crap="3" count="11"/>
      <line num="27" type="stmt" count="11"/>
      <line num="28" type="stmt" count="1"/>
      <line num="31" type="stmt" count="10"/>
      <line num="32" type="stmt" count="1"/>
      <line num="34" type="stmt" count="10"/>
      <line num="44" type="method" name="get" visibility="public" complexity="2" crap="2" count="10"/>
      <line num="46" type="stmt" count="10"/>
      <line num="47" type="stmt" count="10"/>
      <line num="48" type="stmt" count="10"/>
      <line num="51" type="stmt" count="4"/>
      <line num="52" type="stmt" count="4"/>
      <line num="62" type="method" name="createData" visibility="protected" complexity="2" crap="2.06" count="12"/>
      <line num="64" type="stmt" count="12"/>
      <line num="66" type="stmt" count="12"/>
      <line num="68" type="stmt" count="12"/>
      <line num="71" type="stmt" count="0"/>
      <line num="81" type="method" name="updateData" visibility="protected" complexity="2" crap="2.15" count="2"/>
      <line num="83" type="stmt" count="2"/>
      <line num="84" type="stmt" count="0"/>
      <line num="87" type="stmt" count="2"/>
      <line num="96" type="method" name="isValidData" visibility="protected" complexity="3" crap="3" count="14"/>
      <line num="98" type="stmt" count="14"/>
      <line num="99" type="stmt" count="11"/>
      <line num="102" type="stmt" count="3"/>
      <line num="103" type="stmt" count="1"/>
      <line num="106" type="stmt" count="2"/>
      <line num="118" type="method" name="destroy" visibility="public" complexity="5" crap="5.39" count="3"/>
      <line num="120" type="stmt" count="3"/>
      <line num="121" type="stmt" count="0"/>
      <line num="124" type="stmt" count="3"/>
      <line num="125" type="stmt" count="1"/>
      <line num="126" type="stmt" count="1"/>
      <line num="129" type="stmt" count="2"/>
      <line num="130" type="stmt" count="0"/>
      <line num="134" type="stmt" count="3"/>
      <line num="143" type="method" name="destroyByKey" visibility="public" complexity="2" crap="2" count="3"/>
      <line num="145" type="stmt" count="3"/>
      <line num="146" type="stmt" count="2"/>
      <line num="149" type="stmt" count="1"/>
      <line num="158" type="method" name="exists" visibility="public" complexity="2" crap="2" count="2"/>
      <line num="160" type="stmt" count="2"/>
      <line num="161" type="stmt" count="1"/>
      <line num="164" type="stmt" count="1"/>
      <metrics loc="166" ncloc="104" classes="1" methods="8" coveredmethods="5" conditionals="0" coveredconditionals="0" statements="36" coveredstatements="32" elements="44" coveredelements="37"/>
    </file>
    <metrics files="7" loc="373" ncloc="264" classes="5" methods="15" coveredmethods="7" conditionals="0" coveredconditionals="0" statements="66" coveredstatements="37" elements="81" coveredelements="44"/>
  </project>
</coverage>
